justsing/build/app/intermediates/manifest_merge_blame_file/release/manifest-merger-blame-release-report.txt
1<?xml version="1.0" encoding="utf-8"?>
2<manifest xmlns:android="http://schemas.android.com/apk/res/android"
3    package="com.example.justsing"
4    android:versionCode="1"
5    android:versionName="1.0.0" >
6
7    <uses-sdk
8        android:minSdkVersion="21"
8-->src\main\AndroidManifest.xml
9        android:targetSdkVersion="31" />
9-->src\main\AndroidManifest.xml
10
11    <uses-permission android:name="android.permission.RECORD_AUDIO" />
11-->src\main\AndroidManifest.xml:3:5-70
11-->src\main\AndroidManifest.xml:3:22-68
12    <uses-permission android:name="android.permission.BLUETOOTH" />
12-->src\main\AndroidManifest.xml:4:5-67
12-->src\main\AndroidManifest.xml:4:22-65
13    <uses-permission android:name="android.permission.BLUETOOTH_ADMIN" />
13-->src\main\AndroidManifest.xml:5:5-73
13-->src\main\AndroidManifest.xml:5:22-71
14    <uses-permission android:name="android.permission.BLUETOOTH_CONNECT" />
14-->src\main\AndroidManifest.xml:6:5-75
14-->src\main\AndroidManifest.xml:6:22-73
15    <uses-permission android:name="android.permission.INTERNET" />
15-->src\main\AndroidManifest.xml:7:5-66
15-->src\main\AndroidManifest.xml:7:22-64
16
17    <queries>
17-->src\main\AndroidManifest.xml:39:5-43:15
18        <intent>
18-->src\main\AndroidManifest.xml:40:9-42:18
19            <action android:name="android.speech.RecognitionService" />
19-->src\main\AndroidManifest.xml:41:13-72
19-->src\main\AndroidManifest.xml:41:21-69
20        </intent>
21        <intent>
21-->[:flutter_inappwebview] AndroidManifest.xml:10:9-12:18
22            <action android:name="android.support.customtabs.action.CustomTabsService" />
22-->[:flutter_inappwebview] AndroidManifest.xml:11:13-90
22-->[:flutter_inappwebview] AndroidManifest.xml:11:21-87
23        </intent>
24    </queries>
25
26    <uses-permission android:name="android.permission.ACCESS_NETWORK_STATE" />
26-->[com.google.firebase:firebase-auth:21.1.0] AndroidManifest.xml:24:5-79
26-->[com.google.firebase:firebase-auth:21.1.0] AndroidManifest.xml:24:22-76
27
28    <application
29        android:name="android.app.Application"
29-->src\main\AndroidManifest.xml:10:9-42
30        android:appComponentFactory="androidx.core.app.CoreComponentFactory"
30-->[androidx.core:core:1.8.0] AndroidManifest.xml:24:18-86
31        android:icon="@mipmap/ic_launcher"
31-->src\main\AndroidManifest.xml:11:9-43
32        android:label="justSing!" >
32-->src\main\AndroidManifest.xml:9:9-34
33        <activity
33-->src\main\AndroidManifest.xml:12:9-32:20
34            android:name="com.example.justsing.MainActivity"
34-->src\main\AndroidManifest.xml:13:13-41
35            android:configChanges="orientation|keyboardHidden|keyboard|screenSize|smallestScreenSize|locale|layoutDirection|fontScale|screenLayout|density|uiMode"
35-->src\main\AndroidManifest.xml:17:13-163
36            android:exported="true"
36-->src\main\AndroidManifest.xml:14:13-36
37            android:hardwareAccelerated="true"
37-->src\main\AndroidManifest.xml:18:13-47
38            android:launchMode="singleTop"
38-->src\main\AndroidManifest.xml:15:13-43
39            android:theme="@style/LaunchTheme"
39-->src\main\AndroidManifest.xml:16:13-47
40            android:windowSoftInputMode="adjustResize" >
40-->src\main\AndroidManifest.xml:19:13-55
41
42            <!--
43                 Specifies an Android theme to apply to this Activity as soon as
44                 the Android process has started. This theme is visible to the user
45                 while the Flutter UI initializes. After that, this theme continues
46                 to determine the Window background behind the Flutter UI.
47            -->
48            <meta-data
48-->src\main\AndroidManifest.xml:24:13-27:17
49                android:name="io.flutter.embedding.android.NormalTheme"
49-->src\main\AndroidManifest.xml:25:15-70
50                android:resource="@style/NormalTheme" />
50-->src\main\AndroidManifest.xml:26:15-52
51
52            <intent-filter>
52-->src\main\AndroidManifest.xml:28:13-31:29
53                <action android:name="android.intent.action.MAIN" />
53-->src\main\AndroidManifest.xml:29:17-68
53-->src\main\AndroidManifest.xml:29:25-66
54
55                <category android:name="android.intent.category.LAUNCHER" />
55-->src\main\AndroidManifest.xml:30:17-76
55-->src\main\AndroidManifest.xml:30:27-74
56            </intent-filter>
57        </activity>
58        <!--
59             Don't delete the meta-data below.
60             This is used by the Flutter tool to generate GeneratedPluginRegistrant.java
61        -->
62        <meta-data
62-->src\main\AndroidManifest.xml:35:9-37:33
63            android:name="flutterEmbedding"
63-->src\main\AndroidManifest.xml:36:13-44
64            android:value="2" />
64-->src\main\AndroidManifest.xml:37:13-30
65
66        <service
66-->[:firebase_auth] AndroidManifest.xml:10:9-14:19
67            android:name="com.google.firebase.components.ComponentDiscoveryService"
67-->[:firebase_auth] AndroidManifest.xml:10:18-89
68            android:directBootAware="true"
68-->[com.google.firebase:firebase-common:20.2.0] AndroidManifest.xml:34:13-43
69            android:exported="false" >
69-->[com.google.firebase:firebase-auth:21.1.0] AndroidManifest.xml:66:13-37
70            <meta-data
70-->[:firebase_auth] AndroidManifest.xml:11:13-13:85
71                android:name="com.google.firebase.components:io.flutter.plugins.firebase.auth.FlutterFirebaseAuthRegistrar"
71-->[:firebase_auth] AndroidManifest.xml:12:17-124
72                android:value="com.google.firebase.components.ComponentRegistrar" />
72-->[:firebase_auth] AndroidManifest.xml:13:17-82
73            <meta-data
73-->[:firebase_core] AndroidManifest.xml:11:13-13:85
74                android:name="com.google.firebase.components:io.flutter.plugins.firebase.core.FlutterFirebaseCoreRegistrar"
74-->[:firebase_core] AndroidManifest.xml:12:17-124
75                android:value="com.google.firebase.components.ComponentRegistrar" />
75-->[:firebase_core] AndroidManifest.xml:13:17-82
76            <meta-data
76-->[com.google.firebase:firebase-auth:21.1.0] AndroidManifest.xml:67:13-69:85
77                android:name="com.google.firebase.components:com.google.firebase.auth.FirebaseAuthRegistrar"
77-->[com.google.firebase:firebase-auth:21.1.0] AndroidManifest.xml:68:17-109
78                android:value="com.google.firebase.components.ComponentRegistrar" />
78-->[com.google.firebase:firebase-auth:21.1.0] AndroidManifest.xml:69:17-82
79        </service>
80
81        <activity
81-->[:flutter_inappwebview] AndroidManifest.xml:16:9-20:47
82            android:name="com.pichillilorenzo.flutter_inappwebview.in_app_browser.InAppBrowserActivity"
82-->[:flutter_inappwebview] AndroidManifest.xml:17:13-104
83            android:configChanges="orientation|keyboardHidden|keyboard|screenSize|locale|layoutDirection|fontScale|screenLayout|density"
83-->[:flutter_inappwebview] AndroidManifest.xml:18:13-137
84            android:exported="false"
84-->[:flutter_inappwebview] AndroidManifest.xml:19:13-37
85            android:theme="@style/AppTheme" />
85-->[:flutter_inappwebview] AndroidManifest.xml:20:13-44
86        <activity
86-->[:flutter_inappwebview] AndroidManifest.xml:21:9-24:55
87            android:name="com.pichillilorenzo.flutter_inappwebview.chrome_custom_tabs.ChromeCustomTabsActivity"
87-->[:flutter_inappwebview] AndroidManifest.xml:22:13-112
88            android:exported="false"
88-->[:flutter_inappwebview] AndroidManifest.xml:23:13-37
89            android:theme="@style/ThemeTransparent" />
89-->[:flutter_inappwebview] AndroidManifest.xml:24:13-52
90        <activity
90-->[:flutter_inappwebview] AndroidManifest.xml:25:9-28:55
91            android:name="com.pichillilorenzo.flutter_inappwebview.chrome_custom_tabs.TrustedWebActivity"
91-->[:flutter_inappwebview] AndroidManifest.xml:26:13-106
92            android:exported="false"
92-->[:flutter_inappwebview] AndroidManifest.xml:27:13-37
93            android:theme="@style/ThemeTransparent" />
93-->[:flutter_inappwebview] AndroidManifest.xml:28:13-52
94        <activity
94-->[:flutter_inappwebview] AndroidManifest.xml:29:9-33:55
95            android:name="com.pichillilorenzo.flutter_inappwebview.chrome_custom_tabs.ChromeCustomTabsActivitySingleInstance"
95-->[:flutter_inappwebview] AndroidManifest.xml:30:13-126
96            android:exported="false"
96-->[:flutter_inappwebview] AndroidManifest.xml:31:13-37
97            android:launchMode="singleInstance"
97-->[:flutter_inappwebview] AndroidManifest.xml:32:13-48
98            android:theme="@style/ThemeTransparent" />
98-->[:flutter_inappwebview] AndroidManifest.xml:33:13-52
99        <activity
99-->[:flutter_inappwebview] AndroidManifest.xml:34:9-38:55
100            android:name="com.pichillilorenzo.flutter_inappwebview.chrome_custom_tabs.TrustedWebActivitySingleInstance"
100-->[:flutter_inappwebview] AndroidManifest.xml:35:13-120
101            android:exported="false"
101-->[:flutter_inappwebview] AndroidManifest.xml:36:13-37
102            android:launchMode="singleInstance"
102-->[:flutter_inappwebview] AndroidManifest.xml:37:13-48
103            android:theme="@style/ThemeTransparent" />
103-->[:flutter_inappwebview] AndroidManifest.xml:38:13-52
104
105        <receiver
105-->[:flutter_inappwebview] AndroidManifest.xml:40:9-43:40
106            android:name="com.pichillilorenzo.flutter_inappwebview.chrome_custom_tabs.ActionBroadcastReceiver"
106-->[:flutter_inappwebview] AndroidManifest.xml:41:13-111
107            android:enabled="true"
107-->[:flutter_inappwebview] AndroidManifest.xml:42:13-35
108            android:exported="false" />
108-->[:flutter_inappwebview] AndroidManifest.xml:43:13-37
109
110        <meta-data
110-->[:flutter_inappwebview] AndroidManifest.xml:45:9-47:36
111            android:name="io.flutter.embedded_views_preview"
111-->[:flutter_inappwebview] AndroidManifest.xml:46:13-61
112            android:value="true" />
112-->[:flutter_inappwebview] AndroidManifest.xml:47:13-33
113
114        <uses-library
114-->[androidx.window:window:1.0.0-beta04] AndroidManifest.xml:25:9-27:40
115            android:name="androidx.window.extensions"
115-->[androidx.window:window:1.0.0-beta04] AndroidManifest.xml:26:13-54
116            android:required="false" />
116-->[androidx.window:window:1.0.0-beta04] AndroidManifest.xml:27:13-37
117        <uses-library
117-->[androidx.window:window:1.0.0-beta04] AndroidManifest.xml:28:9-30:40
118            android:name="androidx.window.sidecar"
118-->[androidx.window:window:1.0.0-beta04] AndroidManifest.xml:29:13-51
119            android:required="false" />
119-->[androidx.window:window:1.0.0-beta04] AndroidManifest.xml:30:13-37
120
121        <activity
121-->[com.google.firebase:firebase-auth:21.1.0] AndroidManifest.xml:27:9-44:20
122            android:name="com.google.firebase.auth.internal.GenericIdpActivity"
122-->[com.google.firebase:firebase-auth:21.1.0] AndroidManifest.xml:28:13-80
123            android:excludeFromRecents="true"
123-->[com.google.firebase:firebase-auth:21.1.0] AndroidManifest.xml:29:13-46
124            android:exported="true"
124-->[com.google.firebase:firebase-auth:21.1.0] AndroidManifest.xml:30:13-36
125            android:launchMode="singleTask"
125-->[com.google.firebase:firebase-auth:21.1.0] AndroidManifest.xml:31:13-44
126            android:theme="@android:style/Theme.Translucent.NoTitleBar" >
126-->[com.google.firebase:firebase-auth:21.1.0] AndroidManifest.xml:32:13-72
127            <intent-filter>
127-->[com.google.firebase:firebase-auth:21.1.0] AndroidManifest.xml:33:13-43:29
128                <action android:name="android.intent.action.VIEW" />
128-->[com.google.firebase:firebase-auth:21.1.0] AndroidManifest.xml:34:17-69
128-->[com.google.firebase:firebase-auth:21.1.0] AndroidManifest.xml:34:25-66
129
130                <category android:name="android.intent.category.DEFAULT" />
130-->[com.google.firebase:firebase-auth:21.1.0] AndroidManifest.xml:36:17-76
130-->[com.google.firebase:firebase-auth:21.1.0] AndroidManifest.xml:36:27-73
131                <category android:name="android.intent.category.BROWSABLE" />
131-->[com.google.firebase:firebase-auth:21.1.0] AndroidManifest.xml:37:17-78
131-->[com.google.firebase:firebase-auth:21.1.0] AndroidManifest.xml:37:27-75
132
133                <data
133-->[com.google.firebase:firebase-auth:21.1.0] AndroidManifest.xml:39:17-42:51
134                    android:host="firebase.auth"
134-->[com.google.firebase:firebase-auth:21.1.0] AndroidManifest.xml:40:21-49
135                    android:path="/"
135-->[com.google.firebase:firebase-auth:21.1.0] AndroidManifest.xml:41:21-37
136                    android:scheme="genericidp" />
136-->[com.google.firebase:firebase-auth:21.1.0] AndroidManifest.xml:42:21-48
137            </intent-filter>
138        </activity>
139        <activity
139-->[com.google.firebase:firebase-auth:21.1.0] AndroidManifest.xml:45:9-62:20
140            android:name="com.google.firebase.auth.internal.RecaptchaActivity"
140-->[com.google.firebase:firebase-auth:21.1.0] AndroidManifest.xml:46:13-79
141            android:excludeFromRecents="true"
141-->[com.google.firebase:firebase-auth:21.1.0] AndroidManifest.xml:47:13-46
142            android:exported="true"
142-->[com.google.firebase:firebase-auth:21.1.0] AndroidManifest.xml:48:13-36
143            android:launchMode="singleTask"
143-->[com.google.firebase:firebase-auth:21.1.0] AndroidManifest.xml:49:13-44
144            android:theme="@android:style/Theme.Translucent.NoTitleBar" >
144-->[com.google.firebase:firebase-auth:21.1.0] AndroidManifest.xml:50:13-72
145            <intent-filter>
145-->[com.google.firebase:firebase-auth:21.1.0] AndroidManifest.xml:51:13-61:29
146                <action android:name="android.intent.action.VIEW" />
146-->[com.google.firebase:firebase-auth:21.1.0] AndroidManifest.xml:34:17-69
146-->[com.google.firebase:firebase-auth:21.1.0] AndroidManifest.xml:34:25-66
147
148                <category android:name="android.intent.category.DEFAULT" />
148-->[com.google.firebase:firebase-auth:21.1.0] AndroidManifest.xml:36:17-76
148-->[com.google.firebase:firebase-auth:21.1.0] AndroidManifest.xml:36:27-73
149                <category android:name="android.intent.category.BROWSABLE" />
149-->[com.google.firebase:firebase-auth:21.1.0] AndroidManifest.xml:37:17-78
149-->[com.google.firebase:firebase-auth:21.1.0] AndroidManifest.xml:37:27-75
150
151                <data
151-->[com.google.firebase:firebase-auth:21.1.0] AndroidManifest.xml:39:17-42:51
152                    android:host="firebase.auth"
152-->[com.google.firebase:firebase-auth:21.1.0] AndroidManifest.xml:40:21-49
153                    android:path="/"
153-->[com.google.firebase:firebase-auth:21.1.0] AndroidManifest.xml:41:21-37
154                    android:scheme="recaptcha" />
154-->[com.google.firebase:firebase-auth:21.1.0] AndroidManifest.xml:42:21-48
155            </intent-filter>
156        </activity>
157
158        <provider
158-->[com.google.firebase:firebase-common:20.2.0] AndroidManifest.xml:25:9-30:39
159            android:name="com.google.firebase.provider.FirebaseInitProvider"
159-->[com.google.firebase:firebase-common:20.2.0] AndroidManifest.xml:26:13-77
160            android:authorities="com.example.justsing.firebaseinitprovider"
160-->[com.google.firebase:firebase-common:20.2.0] AndroidManifest.xml:27:13-72
161            android:directBootAware="true"
161-->[com.google.firebase:firebase-common:20.2.0] AndroidManifest.xml:28:13-43
162            android:exported="false"
162-->[com.google.firebase:firebase-common:20.2.0] AndroidManifest.xml:29:13-37
163            android:initOrder="100" />
163-->[com.google.firebase:firebase-common:20.2.0] AndroidManifest.xml:30:13-36
164
165        <activity
165-->[com.google.android.gms:play-services-base:17.1.0] AndroidManifest.xml:23:9-26:75
166            android:name="com.google.android.gms.common.api.GoogleApiActivity"
166-->[com.google.android.gms:play-services-base:17.1.0] AndroidManifest.xml:24:13-79
167            android:exported="false"
167-->[com.google.android.gms:play-services-base:17.1.0] AndroidManifest.xml:25:13-37
168            android:theme="@android:style/Theme.Translucent.NoTitleBar" />
168-->[com.google.android.gms:play-services-base:17.1.0] AndroidManifest.xml:26:13-72
169
170        <meta-data
170-->[com.google.android.gms:play-services-basement:18.1.0] AndroidManifest.xml:21:9-23:69
171            android:name="com.google.android.gms.version"
171-->[com.google.android.gms:play-services-basement:18.1.0] AndroidManifest.xml:22:13-58
172            android:value="@integer/google_play_services_version" />
172-->[com.google.android.gms:play-services-basement:18.1.0] AndroidManifest.xml:23:13-66
173
174        <provider
174-->[androidx.emoji2:emoji2:1.2.0] AndroidManifest.xml:24:9-32:20
175            android:name="androidx.startup.InitializationProvider"
175-->[androidx.emoji2:emoji2:1.2.0] AndroidManifest.xml:25:13-67
176            android:authorities="com.example.justsing.androidx-startup"
176-->[androidx.emoji2:emoji2:1.2.0] AndroidManifest.xml:26:13-68
177            android:exported="false" >
177-->[androidx.emoji2:emoji2:1.2.0] AndroidManifest.xml:27:13-37
178            <meta-data
178-->[androidx.emoji2:emoji2:1.2.0] AndroidManifest.xml:29:13-31:52
179                android:name="androidx.emoji2.text.EmojiCompatInitializer"
179-->[androidx.emoji2:emoji2:1.2.0] AndroidManifest.xml:30:17-75
180                android:value="androidx.startup" />
180-->[androidx.emoji2:emoji2:1.2.0] AndroidManifest.xml:31:17-49
181            <meta-data
181-->[androidx.lifecycle:lifecycle-process:2.4.1] AndroidManifest.xml:31:13-33:52
182                android:name="androidx.lifecycle.ProcessLifecycleInitializer"
182-->[androidx.lifecycle:lifecycle-process:2.4.1] AndroidManifest.xml:32:17-78
183                android:value="androidx.startup" />
183-->[androidx.lifecycle:lifecycle-process:2.4.1] AndroidManifest.xml:33:17-49
184        </provider>
185    </application>
186
187</manifest>